<?xml version="1.0" encoding="UTF-8"?>
<!-- Generated by org.testng.reporters.JUnitReportReporter -->
<testsuite skipped="0" hostname="Hemant-Vadher" name="tests.LoginCRMTest" tests="2" failures="0" timestamp="07 Oct 2018 18:58:19 GMT" time="10.441" errors="0">
  <testcase name="LoginTest" time="9.152" classname="tests.LoginCRMTest"/>
  <testcase name="verifyTitleTest" time="1.289" classname="tests.LoginCRMTest"/>
</testsuite> <!-- tests.LoginCRMTest -->
