<?xml version="1.0" encoding="UTF-8"?>
<!-- Generated by org.testng.reporters.JUnitReportReporter -->
<testsuite skipped="0" hostname="Hemant-Vadher" name="tests.LoginCRMTest" tests="2" failures="0" timestamp="25 Oct 2018 12:04:02 GMT" time="10.009" errors="0">
  <testcase name="LoginTest" time="8.439" classname="tests.LoginCRMTest"/>
  <testcase name="verifyTitleTest" time="1.570" classname="tests.LoginCRMTest"/>
</testsuite> <!-- tests.LoginCRMTest -->
