<?xml version="1.0" encoding="UTF-8"?>
<!-- Generated by org.testng.reporters.JUnitReportReporter -->
<testsuite skipped="0" hostname="Harshalis-MacBook-Air.local" name="tests.MyNGTest" tests="1" failures="0" timestamp="17 Oct 2018 10:12:44 GMT" time="0.006" errors="0">
  <testcase name="test1" time="0.006" classname="tests.MyNGTest"/>
</testsuite> <!-- tests.MyNGTest -->
