<?xml version="1.0" encoding="UTF-8"?>
<!-- Generated by org.testng.reporters.JUnitReportReporter -->
<testsuite skipped="0" hostname="Harshalis-MacBook-Air.local" name="tests.LoginCRMTest" tests="2" failures="0" timestamp="24 Oct 2018 15:47:20 GMT" time="10.548" errors="0">
  <testcase name="LoginTest" time="8.906" classname="tests.LoginCRMTest"/>
  <testcase name="verifyTitleTest" time="1.642" classname="tests.LoginCRMTest"/>
</testsuite> <!-- tests.LoginCRMTest -->
