<?xml version="1.0" encoding="UTF-8"?>
<!-- Generated by org.testng.reporters.JUnitReportReporter -->
<testsuite skipped="0" hostname="Hemant-Vadher" name="com.hemant.tests.LoginCRMTest" tests="2" failures="0" timestamp="29 Oct 2018 10:37:54 GMT" time="8.060" errors="0">
  <testcase name="LoginTest" time="6.699" classname="com.hemant.tests.LoginCRMTest"/>
  <testcase name="verifyTitleTest" time="1.361" classname="com.hemant.tests.LoginCRMTest"/>
</testsuite> <!-- com.hemant.tests.LoginCRMTest -->
