<?xml version="1.0" encoding="UTF-8"?>
<!-- Generated by org.testng.reporters.JUnitReportReporter -->
<testsuite skipped="0" hostname="Hemant-Vadher" name="com.hemant.tests.LoginCRMTest" tests="2" failures="0" timestamp="27 Oct 2018 15:13:54 GMT" time="7.522" errors="0">
  <testcase name="LoginTest" time="6.226" classname="com.hemant.tests.LoginCRMTest"/>
  <testcase name="verifyTitleTest" time="1.296" classname="com.hemant.tests.LoginCRMTest"/>
</testsuite> <!-- com.hemant.tests.LoginCRMTest -->
