<?xml version="1.0" encoding="UTF-8"?>
<!-- Generated by org.testng.reporters.JUnitReportReporter -->
<testsuite skipped="0" hostname="Harshalis-MacBook-Air.local" name="tests.LoginCRMTest" tests="2" failures="0" timestamp="17 Oct 2018 11:12:00 GMT" time="7.967" errors="0">
  <testcase name="LoginTest" time="6.677" classname="tests.LoginCRMTest"/>
  <testcase name="verifyTitleTest" time="1.290" classname="tests.LoginCRMTest"/>
</testsuite> <!-- tests.LoginCRMTest -->
